0 info it worked if it ends with ok
1 verbose cli [ '/usr/bin/nodejs', '/usr/bin/npm', 'install', 'bower', '-g' ]
2 info using npm@1.3.10
3 info using node@v0.10.25
4 verbose cache add [ 'bower', null ]
5 verbose cache add name=undefined spec="bower" args=["bower",null]
6 verbose parsed url { protocol: null,
6 verbose parsed url   slashes: null,
6 verbose parsed url   auth: null,
6 verbose parsed url   host: null,
6 verbose parsed url   port: null,
6 verbose parsed url   hostname: null,
6 verbose parsed url   hash: null,
6 verbose parsed url   search: null,
6 verbose parsed url   query: null,
6 verbose parsed url   pathname: 'bower',
6 verbose parsed url   path: 'bower',
6 verbose parsed url   href: 'bower' }
7 silly lockFile 206e3ce5-bower bower
8 verbose lock bower /home/shashi/.npm/206e3ce5-bower.lock
9 silly lockFile 206e3ce5-bower bower
10 silly lockFile 206e3ce5-bower bower
11 verbose addNamed [ 'bower', '' ]
12 verbose addNamed [ null, '*' ]
13 silly lockFile 1240aab1-bower bower@
14 verbose lock bower@ /home/shashi/.npm/1240aab1-bower.lock
15 silly addNameRange { name: 'bower', range: '*', hasData: false }
16 verbose url raw bower
17 verbose url resolving [ 'https://registry.npmjs.org/', './bower' ]
18 verbose url resolved https://registry.npmjs.org/bower
19 info trying registry request attempt 1 at 00:29:40
20 verbose etag "C8T77HIEKTFUSFXCPJX2M2CYS"
21 http GET https://registry.npmjs.org/bower
22 http 304 https://registry.npmjs.org/bower
23 silly registry.get cb [ 304,
23 silly registry.get   { date: 'Wed, 22 Jun 2016 18:59:41 GMT',
23 silly registry.get     via: '1.1 varnish',
23 silly registry.get     'cache-control': 'max-age=300',
23 silly registry.get     etag: '"C8T77HIEKTFUSFXCPJX2M2CYS"',
23 silly registry.get     age: '0',
23 silly registry.get     connection: 'keep-alive',
23 silly registry.get     'x-served-by': 'cache-sin6923-SIN',
23 silly registry.get     'x-cache': 'HIT',
23 silly registry.get     'x-cache-hits': '1',
23 silly registry.get     'x-timer': 'S1466621981.379746,VS0,VE248',
23 silly registry.get     vary: 'Accept-Encoding' } ]
24 verbose etag bower from cache
25 silly addNameRange number 2 { name: 'bower', range: '*', hasData: true }
26 silly addNameRange versions [ 'bower',
26 silly addNameRange   [ '0.1.0',
26 silly addNameRange     '0.1.2',
26 silly addNameRange     '0.1.3',
26 silly addNameRange     '0.2.0',
26 silly addNameRange     '0.3.0',
26 silly addNameRange     '0.3.1',
26 silly addNameRange     '0.3.2',
26 silly addNameRange     '0.4.0',
26 silly addNameRange     '0.5.0',
26 silly addNameRange     '0.5.1',
26 silly addNameRange     '0.6.0',
26 silly addNameRange     '0.6.1',
26 silly addNameRange     '0.6.2',
26 silly addNameRange     '0.6.3',
26 silly addNameRange     '0.6.4',
26 silly addNameRange     '0.6.5',
26 silly addNameRange     '0.6.6',
26 silly addNameRange     '0.6.7',
26 silly addNameRange     '0.6.8',
26 silly addNameRange     '0.7.0',
26 silly addNameRange     '0.7.1',
26 silly addNameRange     '0.8.0',
26 silly addNameRange     '0.8.1',
26 silly addNameRange     '0.8.2',
26 silly addNameRange     '0.8.3',
26 silly addNameRange     '0.8.4',
26 silly addNameRange     '0.8.5',
26 silly addNameRange     '0.8.6',
26 silly addNameRange     '0.9.0',
26 silly addNameRange     '0.9.1',
26 silly addNameRange     '0.9.2',
26 silly addNameRange     '0.10.0',
26 silly addNameRange     '1.0.0',
26 silly addNameRange     '1.0.1',
26 silly addNameRange     '1.0.2',
26 silly addNameRange     '1.0.3',
26 silly addNameRange     '1.1.0',
26 silly addNameRange     '1.1.1',
26 silly addNameRange     '1.1.2',
26 silly addNameRange     '1.2.0',
26 silly addNameRange     '1.2.1',
26 silly addNameRange     '1.2.2',
26 silly addNameRange     '1.2.3',
26 silly addNameRange     '1.2.4',
26 silly addNameRange     '1.2.5',
26 silly addNameRange     '1.2.6',
26 silly addNameRange     '1.2.7',
26 silly addNameRange     '1.2.8',
26 silly addNameRange     '1.3.0',
26 silly addNameRange     '1.3.1',
26 silly addNameRange     '1.3.2',
26 silly addNameRange     '1.3.3',
26 silly addNameRange     '1.3.4',
26 silly addNameRange     '1.3.5',
26 silly addNameRange     '1.3.6',
26 silly addNameRange     '1.3.7',
26 silly addNameRange     '1.3.8',
26 silly addNameRange     '1.3.9',
26 silly addNameRange     '1.3.10',
26 silly addNameRange     '1.3.11',
26 silly addNameRange     '1.3.12',
26 silly addNameRange     '1.4.0',
26 silly addNameRange     '1.4.1',
26 silly addNameRange     '1.5.0',
26 silly addNameRange     '1.5.1',
26 silly addNameRange     '1.5.2',
26 silly addNameRange     '1.5.3',
26 silly addNameRange     '1.6.2',
26 silly addNameRange     '1.6.3',
26 silly addNameRange     '1.6.4',
26 silly addNameRange     '1.6.5',
26 silly addNameRange     '1.5.4',
26 silly addNameRange     '1.4.2',
26 silly addNameRange     '1.6.6',
26 silly addNameRange     '1.6.7',
26 silly addNameRange     '1.6.8',
26 silly addNameRange     '1.6.9',
26 silly addNameRange     '1.7.0',
26 silly addNameRange     '1.7.1',
26 silly addNameRange     '1.7.2',
26 silly addNameRange     '1.7.5',
26 silly addNameRange     '1.7.6',
26 silly addNameRange     '1.7.7',
26 silly addNameRange     '1.7.8',
26 silly addNameRange     '1.7.9' ] ]
27 verbose addNamed [ 'bower', '1.7.9' ]
28 verbose addNamed [ '1.7.9', '1.7.9' ]
29 silly lockFile c07be986-bower-1-7-9 bower@1.7.9
30 verbose lock bower@1.7.9 /home/shashi/.npm/c07be986-bower-1-7-9.lock
31 silly lockFile c07be986-bower-1-7-9 bower@1.7.9
32 silly lockFile c07be986-bower-1-7-9 bower@1.7.9
33 silly lockFile 1240aab1-bower bower@
34 silly lockFile 1240aab1-bower bower@
35 silly resolved [ { name: 'bower',
35 silly resolved     version: '1.7.9',
35 silly resolved     description: 'The browser package manager',
35 silly resolved     author: { name: 'Twitter' },
35 silly resolved     license: 'MIT',
35 silly resolved     repository: { type: 'git', url: 'git+https://github.com/bower/bower.git' },
35 silly resolved     main: 'lib',
35 silly resolved     bin: { bower: 'bin/bower' },
35 silly resolved     homepage: 'http://bower.io',
35 silly resolved     engines: { node: '>=0.10.0' },
35 silly resolved     keywords: [ 'bower' ],
35 silly resolved     files: [ 'bin', 'lib' ],
35 silly resolved     bugs: { url: 'https://github.com/bower/bower/issues' },
35 silly resolved     _id: 'bower@1.7.9',
35 silly resolved     scripts: {},
35 silly resolved     _shasum: 'b7296c2393e0d75edaa6ca39648132dd255812b0',
35 silly resolved     _from: 'bower@',
35 silly resolved     _npmVersion: '3.7.3',
35 silly resolved     _nodeVersion: '5.9.0',
35 silly resolved     _npmUser: { name: 'sheerun', email: 'sheerun@sher.pl' },
35 silly resolved     dist:
35 silly resolved      { shasum: 'b7296c2393e0d75edaa6ca39648132dd255812b0',
35 silly resolved        tarball: 'https://registry.npmjs.org/bower/-/bower-1.7.9.tgz' },
35 silly resolved     maintainers:
35 silly resolved      [ [Object],
35 silly resolved        [Object],
35 silly resolved        [Object],
35 silly resolved        [Object],
35 silly resolved        [Object],
35 silly resolved        [Object],
35 silly resolved        [Object] ],
35 silly resolved     _npmOperationalInternal:
35 silly resolved      { host: 'packages-12-west.internal.npmjs.com',
35 silly resolved        tmp: 'tmp/bower-1.7.9.tgz_1459857239351_0.9720134933013469' },
35 silly resolved     directories: {},
35 silly resolved     _resolved: 'https://registry.npmjs.org/bower/-/bower-1.7.9.tgz',
35 silly resolved     readme: 'ERROR: No README data found!' } ]
36 info install bower@1.7.9 into /usr/local/lib
37 info installOne bower@1.7.9
38 info /usr/local/lib/node_modules/bower unbuild
39 verbose tar unpack /home/shashi/.npm/bower/1.7.9/package.tgz
40 silly lockFile 1396471b-usr-local-lib-node-modules-bower tar:///usr/local/lib/node_modules/bower
41 verbose lock tar:///usr/local/lib/node_modules/bower /home/shashi/.npm/1396471b-usr-local-lib-node-modules-bower.lock
42 silly lockFile d7c0d027-ashi-npm-bower-1-7-9-package-tgz tar:///home/shashi/.npm/bower/1.7.9/package.tgz
43 verbose lock tar:///home/shashi/.npm/bower/1.7.9/package.tgz /home/shashi/.npm/d7c0d027-ashi-npm-bower-1-7-9-package-tgz.lock
44 silly gunzTarPerm modes [ '755', '644' ]
45 error Error: EACCES, mkdir '/usr/local/lib/node_modules'
45 error  { [Error: EACCES, mkdir '/usr/local/lib/node_modules']
45 error   errno: 3,
45 error   code: 'EACCES',
45 error   path: '/usr/local/lib/node_modules',
45 error   fstream_type: 'Directory',
45 error   fstream_path: '/usr/local/lib/node_modules/bower',
45 error   fstream_class: 'DirWriter',
45 error   fstream_stack:
45 error    [ '/usr/lib/nodejs/fstream/lib/writer.js:171:23',
45 error      '/usr/lib/nodejs/mkdirp/index.js:37:53',
45 error      'Object.oncomplete (fs.js:107:15)' ] }
46 error Please try running this command again as root/Administrator.
47 error System Linux 3.13.0-81-generic
48 error command "/usr/bin/nodejs" "/usr/bin/npm" "install" "bower" "-g"
49 error cwd /home/shashi/school-app/school-erp-app
50 error node -v v0.10.25
51 error npm -v 1.3.10
52 error path /usr/local/lib/node_modules
53 error fstream_path /usr/local/lib/node_modules/bower
54 error fstream_type Directory
55 error fstream_class DirWriter
56 error code EACCES
57 error errno 3
58 error stack Error: EACCES, mkdir '/usr/local/lib/node_modules'
59 error fstream_stack /usr/lib/nodejs/fstream/lib/writer.js:171:23
59 error fstream_stack /usr/lib/nodejs/mkdirp/index.js:37:53
59 error fstream_stack Object.oncomplete (fs.js:107:15)
60 verbose exit [ 3, true ]
